<?xml version="1.0" encoding="UTF-8"?>
<!-- Generated by org.testng.reporters.JUnitReportReporter -->
<testsuite hostname="C02HG87DQ6L5" failures="0" tests="4" name="com.javapoint.controller.UserControllerTest" time="0.576" errors="0" timestamp="2022-12-12T18:17:59 IST" skipped="0">
  <testcase classname="com.javapoint.controller.UserControllerTest" name="addUser" time="0.156"/>
  <system-out/>
  <testcase classname="com.javapoint.controller.UserControllerTest" name="updateUser" time="0.141"/>
  <system-out/>
  <testcase classname="com.javapoint.controller.UserControllerTest" name="getUser" time="0.139"/>
  <system-out/>
  <testcase classname="com.javapoint.controller.UserControllerTest" name="deleteUser" time="0.140"/>
  <system-out/>
</testsuite> <!-- com.javapoint.controller.UserControllerTest -->
