<?xml version="1.0" encoding="UTF-8"?>
<!-- Generated by org.testng.reporters.JUnitReportReporter -->
<testsuite hostname="C02HG87DQ6L5" failures="0" tests="4" name="com.javapoint.controller.ActorControllerTest" time="0.617" errors="0" timestamp="2022-12-12T18:17:59 IST" skipped="0">
  <testcase classname="com.javapoint.controller.ActorControllerTest" name="updateActor" time="0.131"/>
  <system-out/>
  <testcase classname="com.javapoint.controller.ActorControllerTest" name="deleteActor" time="0.132"/>
  <system-out/>
  <testcase classname="com.javapoint.controller.ActorControllerTest" name="getActor" time="0.207"/>
  <system-out/>
  <testcase classname="com.javapoint.controller.ActorControllerTest" name="addActor" time="0.147"/>
  <system-out/>
</testsuite> <!-- com.javapoint.controller.ActorControllerTest -->
