<?xml version="1.0" encoding="UTF-8"?>
<!-- Generated by org.testng.reporters.JUnitReportReporter -->
<testsuite hostname="C02HG87DQ6L5" failures="0" tests="4" name="com.javapoint.controller.RoleControllerTest" time="0.538" errors="0" timestamp="2022-12-12T18:17:59 IST" skipped="0">
  <testcase classname="com.javapoint.controller.RoleControllerTest" name="getRole" time="0.125"/>
  <system-out/>
  <testcase classname="com.javapoint.controller.RoleControllerTest" name="addRole" time="0.143"/>
  <system-out/>
  <testcase classname="com.javapoint.controller.RoleControllerTest" name="updateRole" time="0.125"/>
  <system-out/>
  <testcase classname="com.javapoint.controller.RoleControllerTest" name="deleteRole" time="0.145"/>
  <system-out/>
</testsuite> <!-- com.javapoint.controller.RoleControllerTest -->
