<?xml version="1.0" encoding="UTF-8"?>
<!-- Generated by org.testng.reporters.JUnitReportReporter -->
<testsuite hostname="C02HG87DQ6L5" failures="0" tests="4" name="com.javapoint.controller.ReviewControllerTest" time="0.521" errors="0" timestamp="2022-12-19T10:26:16 IST" skipped="0">
  <testcase classname="com.javapoint.controller.ReviewControllerTest" name="updateReview" time="0.142"/>
  <system-out/>
  <testcase classname="com.javapoint.controller.ReviewControllerTest" name="addReview" time="0.140"/>
  <system-out/>
  <testcase classname="com.javapoint.controller.ReviewControllerTest" name="getReview" time="0.124"/>
  <system-out/>
  <testcase classname="com.javapoint.controller.ReviewControllerTest" name="deleteReview" time="0.115"/>
  <system-out/>
</testsuite> <!-- com.javapoint.controller.ReviewControllerTest -->
