<?xml version="1.0" encoding="UTF-8"?>
<!-- Generated by org.testng.reporters.JUnitReportReporter -->
<testsuite hostname="C02HG87DQ6L5" failures="0" tests="4" name="com.javapoint.controller.MovieControllerTest" time="1.065" errors="0" timestamp="2022-12-19T10:26:16 IST" skipped="0">
  <testcase classname="com.javapoint.controller.MovieControllerTest" name="deleteMovie" time="0.118"/>
  <system-out/>
  <testcase classname="com.javapoint.controller.MovieControllerTest" name="addMovie" time="0.643"/>
  <system-out/>
  <testcase classname="com.javapoint.controller.MovieControllerTest" name="getMovie" time="0.140"/>
  <system-out/>
  <testcase classname="com.javapoint.controller.MovieControllerTest" name="updateMovie" time="0.164"/>
  <system-out/>
</testsuite> <!-- com.javapoint.controller.MovieControllerTest -->
