<?xml version="1.0" encoding="UTF-8"?>
<!-- Generated by org.testng.reporters.JUnitReportReporter -->
<testsuite hostname="C02HG87DQ6L5" failures="0" tests="4" name="com.javapoint.controller.UserControllerTest" time="0.494" errors="0" timestamp="2022-12-19T10:26:16 IST" skipped="0">
  <testcase classname="com.javapoint.controller.UserControllerTest" name="updateUser" time="0.124"/>
  <system-out/>
  <testcase classname="com.javapoint.controller.UserControllerTest" name="getUser" time="0.120"/>
  <system-out/>
  <testcase classname="com.javapoint.controller.UserControllerTest" name="addUser" time="0.126"/>
  <system-out/>
  <testcase classname="com.javapoint.controller.UserControllerTest" name="deleteUser" time="0.124"/>
  <system-out/>
</testsuite> <!-- com.javapoint.controller.UserControllerTest -->
