<?xml version="1.0" encoding="UTF-8"?>
<!-- Generated by org.testng.reporters.JUnitReportReporter -->
<testsuite hostname="C02HG87DQ6L5" failures="0" tests="4" name="com.javapoint.controller.MovieControllerTest" time="0.861" errors="0" timestamp="2022-12-18T14:28:36 IST" skipped="0">
  <testcase classname="com.javapoint.controller.MovieControllerTest" name="addMovie" time="0.455"/>
  <system-out/>
  <testcase classname="com.javapoint.controller.MovieControllerTest" name="getMovie" time="0.139"/>
  <system-out/>
  <testcase classname="com.javapoint.controller.MovieControllerTest" name="updateMovie" time="0.148"/>
  <system-out/>
  <testcase classname="com.javapoint.controller.MovieControllerTest" name="deleteMovie" time="0.119"/>
  <system-out/>
</testsuite> <!-- com.javapoint.controller.MovieControllerTest -->
