<?xml version="1.0" encoding="UTF-8"?>
<!-- Generated by org.testng.reporters.JUnitReportReporter -->
<testsuite hostname="C02HG87DQ6L5" failures="0" tests="4" name="com.javapoint.controller.ActorControllerTest" time="0.486" errors="0" timestamp="2022-12-19T10:26:16 IST" skipped="0">
  <testcase classname="com.javapoint.controller.ActorControllerTest" name="addActor" time="0.132"/>
  <system-out/>
  <testcase classname="com.javapoint.controller.ActorControllerTest" name="updateActor" time="0.120"/>
  <system-out/>
  <testcase classname="com.javapoint.controller.ActorControllerTest" name="deleteActor" time="0.122"/>
  <system-out/>
  <testcase classname="com.javapoint.controller.ActorControllerTest" name="getActor" time="0.112"/>
  <system-out/>
</testsuite> <!-- com.javapoint.controller.ActorControllerTest -->
