<?xml version="1.0" encoding="UTF-8"?>
<!-- Generated by org.testng.reporters.JUnitReportReporter -->
<testsuite hostname="C02HG87DQ6L5" failures="0" tests="4" name="com.javapoint.controller.RoleControllerTest" time="0.472" errors="0" timestamp="2022-12-19T10:26:16 IST" skipped="0">
  <testcase classname="com.javapoint.controller.RoleControllerTest" name="getRole" time="0.117"/>
  <system-out/>
  <testcase classname="com.javapoint.controller.RoleControllerTest" name="addRole" time="0.126"/>
  <system-out/>
  <testcase classname="com.javapoint.controller.RoleControllerTest" name="updateRole" time="0.114"/>
  <system-out/>
  <testcase classname="com.javapoint.controller.RoleControllerTest" name="deleteRole" time="0.115"/>
  <system-out/>
</testsuite> <!-- com.javapoint.controller.RoleControllerTest -->
